{"C:\\Users\\Acer\\Desktop\\sexto_trimestre\\Pruebas\\heladeria\\src\\config\\database.ts": {"path":"C:\\Users\\Acer\\Desktop\\sexto_trimestre\\Pruebas\\heladeria\\src\\config\\database.ts","statementMap":{"0":{"start":{"line":1,"column":0},"end":{"line":1,"column":43}},"1":{"start":{"line":2,"column":0},"end":{"line":2,"column":28}},"2":{"start":{"line":4,"column":0},"end":{"line":4,"column":16}},"3":{"start":{"line":8,"column":23},"end":{"line":14,"column":6}},"4":{"start":{"line":15,"column":4},"end":{"line":15,"column":22}},"5":{"start":{"line":7,"column":0},"end":{"line":7,"column":22}}},"fnMap":{"0":{"name":"connect","decl":{"start":{"line":7,"column":22},"end":{"line":7,"column":29}},"loc":{"start":{"line":7,"column":29},"end":{"line":16,"column":null}}}},"branchMap":{},"s":{"0":2,"1":2,"2":2,"3":0,"4":0,"5":2},"f":{"0":0},"b":{}}
,"C:\\Users\\Acer\\Desktop\\sexto_trimestre\\Pruebas\\heladeria\\src\\controllers\\userController\\CreateUse.Controller.ts": {"path":"C:\\Users\\Acer\\Desktop\\sexto_trimestre\\Pruebas\\heladeria\\src\\controllers\\userController\\CreateUse.Controller.ts","statementMap":{"0":{"start":{"line":2,"column":0},"end":{"line":2,"column":28}},"1":{"start":{"line":4,"column":0},"end":{"line":4,"column":79}},"2":{"start":{"line":5,"column":0},"end":{"line":5,"column":89}},"3":{"start":{"line":8,"column":3},"end":{"line":34,"column":4}},"4":{"start":{"line":9,"column":67},"end":{"line":9,"column":75}},"5":{"start":{"line":12,"column":25},"end":{"line":12,"column":53}},"6":{"start":{"line":13,"column":4},"end":{"line":17,"column":5}},"7":{"start":{"line":14,"column":8},"end":{"line":16,"column":11}},"8":{"start":{"line":18,"column":27},"end":{"line":18,"column":60}},"9":{"start":{"line":19,"column":26},"end":{"line":25,"column":6}},"10":{"start":{"line":26,"column":4},"end":{"line":26,"column":26}},"11":{"start":{"line":27,"column":4},"end":{"line":29,"column":7}},"12":{"start":{"line":31,"column":4},"end":{"line":33,"column":null}},"13":{"start":{"line":7,"column":0},"end":{"line":7,"column":22}}},"fnMap":{"0":{"name":"createUser","decl":{"start":{"line":7,"column":22},"end":{"line":7,"column":32}},"loc":{"start":{"line":7,"column":60},"end":{"line":35,"column":2}}}},"branchMap":{"0":{"loc":{"start":{"line":13,"column":4},"end":{"line":17,"column":5}},"type":"if","locations":[{"start":{"line":13,"column":4},"end":{"line":17,"column":5}}]}},"s":{"0":1,"1":1,"2":1,"3":3,"4":3,"5":3,"6":2,"7":1,"8":1,"9":1,"10":1,"11":1,"12":1,"13":1},"f":{"0":3},"b":{"0":[1]}}
,"C:\\Users\\Acer\\Desktop\\sexto_trimestre\\Pruebas\\heladeria\\src\\repository\\userRepository\\CreateUser.Repository.ts": {"path":"C:\\Users\\Acer\\Desktop\\sexto_trimestre\\Pruebas\\heladeria\\src\\repository\\userRepository\\CreateUser.Repository.ts","statementMap":{"0":{"start":{"line":1,"column":0},"end":{"line":1,"column":48}},"1":{"start":{"line":5,"column":4},"end":{"line":11,"column":5}},"2":{"start":{"line":6,"column":21},"end":{"line":6,"column":36}},"3":{"start":{"line":7,"column":8},"end":{"line":7,"column":62}},"4":{"start":{"line":9,"column":8},"end":{"line":9,"column":56}},"5":{"start":{"line":10,"column":8},"end":{"line":10,"column":null}},"6":{"start":{"line":4,"column":0},"end":{"line":4,"column":22}}},"fnMap":{"0":{"name":"Create","decl":{"start":{"line":4,"column":22},"end":{"line":4,"column":28}},"loc":{"start":{"line":4,"column":42},"end":{"line":12,"column":null}}}},"branchMap":{},"s":{"0":1,"1":0,"2":0,"3":0,"4":0,"5":0,"6":1},"f":{"0":0},"b":{}}
,"C:\\Users\\Acer\\Desktop\\sexto_trimestre\\Pruebas\\heladeria\\src\\repository\\userRepository\\ValidateEmail.Repository.ts": {"path":"C:\\Users\\Acer\\Desktop\\sexto_trimestre\\Pruebas\\heladeria\\src\\repository\\userRepository\\ValidateEmail.Repository.ts","statementMap":{"0":{"start":{"line":1,"column":0},"end":{"line":1,"column":48}},"1":{"start":{"line":5,"column":2},"end":{"line":18,"column":3}},"2":{"start":{"line":6,"column":17},"end":{"line":6,"column":32}},"3":{"start":{"line":7,"column":19},"end":{"line":7,"column":87}},"4":{"start":{"line":9,"column":24},"end":{"line":9,"column":38}},"5":{"start":{"line":11,"column":4},"end":{"line":13,"column":5}},"6":{"start":{"line":12,"column":6},"end":{"line":12,"column":28}},"7":{"start":{"line":14,"column":4},"end":{"line":14,"column":16}},"8":{"start":{"line":16,"column":4},"end":{"line":16,"column":58}},"9":{"start":{"line":17,"column":4},"end":{"line":17,"column":16}},"10":{"start":{"line":4,"column":0},"end":{"line":4,"column":22}}},"fnMap":{"0":{"name":"ValidateEmail","decl":{"start":{"line":4,"column":22},"end":{"line":4,"column":35}},"loc":{"start":{"line":4,"column":51},"end":{"line":19,"column":null}}}},"branchMap":{"0":{"loc":{"start":{"line":11,"column":4},"end":{"line":13,"column":5}},"type":"if","locations":[{"start":{"line":11,"column":4},"end":{"line":13,"column":5}}]},"1":{"loc":{"start":{"line":11,"column":8},"end":{"line":11,"column":45}},"type":"binary-expr","locations":[{"start":{"line":11,"column":8},"end":{"line":11,"column":19}},{"start":{"line":11,"column":23},"end":{"line":11,"column":45}}]}},"s":{"0":1,"1":0,"2":0,"3":0,"4":0,"5":0,"6":0,"7":0,"8":0,"9":0,"10":1},"f":{"0":0},"b":{"0":[0],"1":[0,0]}}
}
