TN:
SF:src\config\database.ts
FN:7,connect
FNF:1
FNH:0
FNDA:0,connect
DA:1,2
DA:2,2
DA:4,2
DA:7,2
DA:8,0
DA:15,0
LF:6
LH:4
BRF:0
BRH:0
end_of_record
TN:
SF:src\controllers\userController\CreateUse.Controller.ts
FN:7,createUser
FNF:1
FNH:1
FNDA:3,createUser
DA:2,1
DA:4,1
DA:5,1
DA:7,1
DA:8,3
DA:9,3
DA:12,3
DA:13,2
DA:14,1
DA:18,1
DA:19,1
DA:26,1
DA:27,1
DA:31,1
LF:14
LH:14
BRDA:13,0,0,1
BRF:1
BRH:1
end_of_record
TN:
SF:src\repository\userRepository\CreateUser.Repository.ts
FN:4,Create
FNF:1
FNH:0
FNDA:0,Create
DA:1,1
DA:4,1
DA:5,0
DA:6,0
DA:7,0
DA:9,0
DA:10,0
LF:7
LH:2
BRF:0
BRH:0
end_of_record
TN:
SF:src\repository\userRepository\ValidateEmail.Repository.ts
FN:4,ValidateEmail
FNF:1
FNH:0
FNDA:0,ValidateEmail
DA:1,1
DA:4,1
DA:5,0
DA:6,0
DA:7,0
DA:9,0
DA:11,0
DA:12,0
DA:14,0
DA:16,0
DA:17,0
LF:11
LH:2
BRDA:11,0,0,0
BRDA:11,1,0,0
BRDA:11,1,1,0
BRF:3
BRH:0
end_of_record
